<?xml version='1.0' encoding='UTF-8'?>
<testsuite hostname="csirt-System-Product-Name" name="org.holmesprocessing.totem.actors.WorkGroupTest" tests="1" errors="0" failures="0" skipped="0" time="0.012">
                     <properties>
[...]
</properties>
                     <testcase classname="org.holmesprocessing.totem.actors.WorkGroupTest" name="A WorkGroupActor must log a message when it gets a message it does not understand" time="0.012">
                                                 
                                               </testcase>
                     <system-out><![CDATA[]]></system-out>
                     <system-err><![CDATA[]]></system-err>
                   </testsuite>